2021-03-12T00:07:40+00:00 CRITICAL Allowed memory size of 134217728 bytes exhausted (tried to allocate 12587008 bytes) in C:\wamp64\www\Endless\wp-includes\functions.php on line 3953

2021-03-12T00:15:06+00:00 CRITICAL Allowed memory size of 134217728 bytes exhausted (tried to allocate 12587008 bytes) in C:\wamp64\www\Endless\wp-includes\functions.php on line 3953

2021-03-12T00:15:46+00:00 CRITICAL Allowed memory size of 134217728 bytes exhausted (tried to allocate 12587008 bytes) in C:\wamp64\www\Endless\wp-includes\functions.php on line 3953

2021-03-12T00:23:31+00:00 CRITICAL Allowed memory size of 134217728 bytes exhausted (tried to allocate 12587008 bytes) in C:\wamp64\www\Endless\wp-includes\functions.php on line 3953

2021-03-12T00:35:22+00:00 CRITICAL Allowed memory size of 134217728 bytes exhausted (tried to allocate 6295552 bytes) in C:\wamp64\www\Endless\wp-includes\functions.php on line 3953

2021-03-12T00:39:21+00:00 CRITICAL Allowed memory size of 134217728 bytes exhausted (tried to allocate 10489856 bytes) in C:\wamp64\www\Endless\wp-includes\functions.php on line 3953

2021-03-12T00:42:50+00:00 CRITICAL Allowed memory size of 134217728 bytes exhausted (tried to allocate 8392704 bytes) in C:\wamp64\www\Endless\wp-includes\functions.php on line 3953

2021-03-12T00:43:30+00:00 CRITICAL Allowed memory size of 134217728 bytes exhausted (tried to allocate 12587008 bytes) in C:\wamp64\www\Endless\wp-includes\functions.php on line 3953

2021-03-12T10:44:22+00:00 CRITICAL Allowed memory size of 134217728 bytes exhausted (tried to allocate 29364224 bytes) in C:\wamp64\www\Endless\wp-includes\functions.php on line 3955

2021-03-12T10:59:08+00:00 CRITICAL Allowed memory size of 134217728 bytes exhausted (tried to allocate 23072768 bytes) in C:\wamp64\www\Endless\wp-includes\functions.php on line 3955

2021-03-12T11:12:07+00:00 CRITICAL Allowed memory size of 134217728 bytes exhausted (tried to allocate 16781312 bytes) in C:\wamp64\www\Endless\wp-includes\functions.php on line 3955

2021-03-12T11:39:28+00:00 CRITICAL Allowed memory size of 134217728 bytes exhausted (tried to allocate 1724416 bytes) in C:\wamp64\www\Endless\wp-content\plugins\elementor\core\common\modules\ajax\module.php on line 265

2021-03-12T11:42:55+00:00 CRITICAL Allowed memory size of 134217728 bytes exhausted (tried to allocate 25169920 bytes) in C:\wamp64\www\Endless\wp-includes\functions.php on line 3955

2021-03-12T13:19:59+00:00 CRITICAL Allowed memory size of 134217728 bytes exhausted (tried to allocate 25169920 bytes) in C:\wamp64\www\Endless\wp-includes\functions.php on line 3955

2021-03-12T13:31:38+00:00 CRITICAL Allowed memory size of 134217728 bytes exhausted (tried to allocate 23072768 bytes) in C:\wamp64\www\Endless\wp-includes\functions.php on line 3955

2021-03-12T13:42:30+00:00 CRITICAL Allowed memory size of 134217728 bytes exhausted (tried to allocate 23072768 bytes) in C:\wamp64\www\Endless\wp-includes\functions.php on line 3955

2021-03-12T14:00:17+00:00 CRITICAL Allowed memory size of 134217728 bytes exhausted (tried to allocate 25169920 bytes) in C:\wamp64\www\Endless\wp-includes\functions.php on line 3955

2021-03-12T14:02:24+00:00 CRITICAL Allowed memory size of 134217728 bytes exhausted (tried to allocate 26746728 bytes) in C:\wamp64\www\Endless\wp-content\plugins\elementor\core\common\modules\ajax\module.php on line 265

2021-03-12T16:02:47+00:00 CRITICAL Uncaught Error: Cannot use object of type WP_Error as array in C:\wamp64\www\Endless\wp-content\plugins\elementskit-lite\modules\library\manager\api.php:68
Stack trace:
#0 C:\wamp64\www\Endless\wp-includes\class-wp-hook.php(292): ElementsKit_Lite\Modules\Library\Manager\Api->get_layouts('')
#1 C:\wamp64\www\Endless\wp-includes\class-wp-hook.php(316): WP_Hook->apply_filters('', Array)
#2 C:\wamp64\www\Endless\wp-includes\plugin.php(484): WP_Hook->do_action(Array)
#3 C:\wamp64\www\Endless\wp-admin\admin-ajax.php(187): do_action('wp_ajax_element...')
#4 {main}
  thrown in C:\wamp64\www\Endless\wp-content\plugins\elementskit-lite\modules\library\manager\api.php on line 68

